0 info it worked if it ends with ok
1 verbose cli [ '/usr/bin/node', '/usr/bin/npm', 'install' ]
2 info using npm@1.4.28
3 info using node@v0.10.33
4 verbose node symlink /usr/bin/node
5 verbose readDependencies using package.json deps
6 verbose install where, deps [ '/home/raul/WebstormProjects/Sem3CA4MEAN',
6 verbose install   [ 'body-parser',
6 verbose install     'cookie-parser',
6 verbose install     'debug',
6 verbose install     'ejs',
6 verbose install     'express',
6 verbose install     'jade',
6 verbose install     'mongoose',
6 verbose install     'morgan',
6 verbose install     'serve-favicon',
6 verbose install     'bower',
6 verbose install     'chai',
6 verbose install     'karma',
6 verbose install     'karma-chrome-launcher',
6 verbose install     'karma-firefox-launcher',
6 verbose install     'karma-jasmine',
6 verbose install     'karma-junit-reporter',
6 verbose install     'mocha',
6 verbose install     'protractor',
6 verbose install     'request',
6 verbose install     'shelljs',
6 verbose install     'should',
6 verbose install     'sinon' ] ]
7 info preinstall ExpressAngularSeed@0.0.0
8 verbose readDependencies using package.json deps
9 verbose already installed skipping bower@~1.3.1 /home/raul/WebstormProjects/Sem3CA4MEAN
10 verbose cache add [ 'chai@~1.9.2', null ]
11 verbose cache add name=undefined spec="chai@~1.9.2" args=["chai@~1.9.2",null]
12 verbose parsed url { protocol: null,
12 verbose parsed url   slashes: null,
12 verbose parsed url   auth: null,
12 verbose parsed url   host: null,
12 verbose parsed url   port: null,
12 verbose parsed url   hostname: null,
12 verbose parsed url   hash: null,
12 verbose parsed url   search: null,
12 verbose parsed url   query: null,
12 verbose parsed url   pathname: 'chai@~1.9.2',
12 verbose parsed url   path: 'chai@~1.9.2',
12 verbose parsed url   href: 'chai@~1.9.2' }
13 verbose already installed skipping karma@~0.12.24 /home/raul/WebstormProjects/Sem3CA4MEAN
14 verbose already installed skipping karma-chrome-launcher@~0.1.5 /home/raul/WebstormProjects/Sem3CA4MEAN
15 verbose cache add name="chai" spec="~1.9.2" args=["chai","~1.9.2"]
16 verbose parsed url { protocol: null,
16 verbose parsed url   slashes: null,
16 verbose parsed url   auth: null,
16 verbose parsed url   host: null,
16 verbose parsed url   port: null,
16 verbose parsed url   hostname: null,
16 verbose parsed url   hash: null,
16 verbose parsed url   search: null,
16 verbose parsed url   query: null,
16 verbose parsed url   pathname: '~1.9.2',
16 verbose parsed url   path: '~1.9.2',
16 verbose parsed url   href: '~1.9.2' }
17 verbose addNamed [ 'chai', '~1.9.2' ]
18 verbose addNamed [ null, '>=1.9.2-0 <1.10.0-0' ]
19 verbose already installed skipping karma-firefox-launcher@~0.1.3 /home/raul/WebstormProjects/Sem3CA4MEAN
20 silly lockFile 1c4fada1-chai-1-9-2 chai@~1.9.2
21 verbose lock chai@~1.9.2 /home/raul/.npm/1c4fada1-chai-1-9-2.lock
22 verbose already installed skipping karma-jasmine@~0.1.5 /home/raul/WebstormProjects/Sem3CA4MEAN
23 verbose already installed skipping karma-junit-reporter@~0.2.2 /home/raul/WebstormProjects/Sem3CA4MEAN
24 verbose already installed skipping mocha@~2.0.1 /home/raul/WebstormProjects/Sem3CA4MEAN
25 verbose cache add [ 'protractor@~1.1.1', null ]
26 verbose cache add name=undefined spec="protractor@~1.1.1" args=["protractor@~1.1.1",null]
27 verbose parsed url { protocol: null,
27 verbose parsed url   slashes: null,
27 verbose parsed url   auth: null,
27 verbose parsed url   host: null,
27 verbose parsed url   port: null,
27 verbose parsed url   hostname: null,
27 verbose parsed url   hash: null,
27 verbose parsed url   search: null,
27 verbose parsed url   query: null,
27 verbose parsed url   pathname: 'protractor@~1.1.1',
27 verbose parsed url   path: 'protractor@~1.1.1',
27 verbose parsed url   href: 'protractor@~1.1.1' }
28 verbose cache add name="protractor" spec="~1.1.1" args=["protractor","~1.1.1"]
29 verbose parsed url { protocol: null,
29 verbose parsed url   slashes: null,
29 verbose parsed url   auth: null,
29 verbose parsed url   host: null,
29 verbose parsed url   port: null,
29 verbose parsed url   hostname: null,
29 verbose parsed url   hash: null,
29 verbose parsed url   search: null,
29 verbose parsed url   query: null,
29 verbose parsed url   pathname: '~1.1.1',
29 verbose parsed url   path: '~1.1.1',
29 verbose parsed url   href: '~1.1.1' }
30 verbose addNamed [ 'protractor', '~1.1.1' ]
31 verbose addNamed [ null, '>=1.1.1-0 <1.2.0-0' ]
32 silly lockFile 7f535735-protractor-1-1-1 protractor@~1.1.1
33 verbose lock protractor@~1.1.1 /home/raul/.npm/7f535735-protractor-1-1-1.lock
34 verbose already installed skipping request@~2.48.0 /home/raul/WebstormProjects/Sem3CA4MEAN
35 verbose already installed skipping shelljs@~0.2.6 /home/raul/WebstormProjects/Sem3CA4MEAN
36 verbose cache add [ 'should@~4.1.0', null ]
37 verbose cache add name=undefined spec="should@~4.1.0" args=["should@~4.1.0",null]
38 verbose parsed url { protocol: null,
38 verbose parsed url   slashes: null,
38 verbose parsed url   auth: null,
38 verbose parsed url   host: null,
38 verbose parsed url   port: null,
38 verbose parsed url   hostname: null,
38 verbose parsed url   hash: null,
38 verbose parsed url   search: null,
38 verbose parsed url   query: null,
38 verbose parsed url   pathname: 'should@~4.1.0',
38 verbose parsed url   path: 'should@~4.1.0',
38 verbose parsed url   href: 'should@~4.1.0' }
39 verbose already installed skipping sinon@~1.12.1 /home/raul/WebstormProjects/Sem3CA4MEAN
40 verbose cache add name="should" spec="~4.1.0" args=["should","~4.1.0"]
41 verbose parsed url { protocol: null,
41 verbose parsed url   slashes: null,
41 verbose parsed url   auth: null,
41 verbose parsed url   host: null,
41 verbose parsed url   port: null,
41 verbose parsed url   hostname: null,
41 verbose parsed url   hash: null,
41 verbose parsed url   search: null,
41 verbose parsed url   query: null,
41 verbose parsed url   pathname: '~4.1.0',
41 verbose parsed url   path: '~4.1.0',
41 verbose parsed url   href: '~4.1.0' }
42 verbose addNamed [ 'should', '~4.1.0' ]
43 verbose addNamed [ null, '>=4.1.0-0 <4.2.0-0' ]
44 silly lockFile 712021b7-should-4-1-0 should@~4.1.0
45 verbose lock should@~4.1.0 /home/raul/.npm/712021b7-should-4-1-0.lock
46 silly addNameRange { name: 'chai', range: '>=1.9.2-0 <1.10.0-0', hasData: false }
47 verbose cache add [ 'body-parser@~1.8.1', null ]
48 verbose cache add name=undefined spec="body-parser@~1.8.1" args=["body-parser@~1.8.1",null]
49 verbose parsed url { protocol: null,
49 verbose parsed url   slashes: null,
49 verbose parsed url   auth: null,
49 verbose parsed url   host: null,
49 verbose parsed url   port: null,
49 verbose parsed url   hostname: null,
49 verbose parsed url   hash: null,
49 verbose parsed url   search: null,
49 verbose parsed url   query: null,
49 verbose parsed url   pathname: 'body-parser@~1.8.1',
49 verbose parsed url   path: 'body-parser@~1.8.1',
49 verbose parsed url   href: 'body-parser@~1.8.1' }
50 verbose cache add name="body-parser" spec="~1.8.1" args=["body-parser","~1.8.1"]
51 verbose parsed url { protocol: null,
51 verbose parsed url   slashes: null,
51 verbose parsed url   auth: null,
51 verbose parsed url   host: null,
51 verbose parsed url   port: null,
51 verbose parsed url   hostname: null,
51 verbose parsed url   hash: null,
51 verbose parsed url   search: null,
51 verbose parsed url   query: null,
51 verbose parsed url   pathname: '~1.8.1',
51 verbose parsed url   path: '~1.8.1',
51 verbose parsed url   href: '~1.8.1' }
52 verbose addNamed [ 'body-parser', '~1.8.1' ]
53 verbose addNamed [ null, '>=1.8.1-0 <1.9.0-0' ]
54 silly lockFile a49948c1-body-parser-1-8-1 body-parser@~1.8.1
55 verbose lock body-parser@~1.8.1 /home/raul/.npm/a49948c1-body-parser-1-8-1.lock
56 verbose already installed skipping cookie-parser@~1.3.3 /home/raul/WebstormProjects/Sem3CA4MEAN
57 verbose cache add [ 'debug@~2.0.0', null ]
58 verbose cache add name=undefined spec="debug@~2.0.0" args=["debug@~2.0.0",null]
59 verbose parsed url { protocol: null,
59 verbose parsed url   slashes: null,
59 verbose parsed url   auth: null,
59 verbose parsed url   host: null,
59 verbose parsed url   port: null,
59 verbose parsed url   hostname: null,
59 verbose parsed url   hash: null,
59 verbose parsed url   search: null,
59 verbose parsed url   query: null,
59 verbose parsed url   pathname: 'debug@~2.0.0',
59 verbose parsed url   path: 'debug@~2.0.0',
59 verbose parsed url   href: 'debug@~2.0.0' }
60 verbose already installed skipping ejs@~0.8.8 /home/raul/WebstormProjects/Sem3CA4MEAN
61 verbose cache add [ 'express@~4.9.0', null ]
62 verbose cache add name=undefined spec="express@~4.9.0" args=["express@~4.9.0",null]
63 verbose parsed url { protocol: null,
63 verbose parsed url   slashes: null,
63 verbose parsed url   auth: null,
63 verbose parsed url   host: null,
63 verbose parsed url   port: null,
63 verbose parsed url   hostname: null,
63 verbose parsed url   hash: null,
63 verbose parsed url   search: null,
63 verbose parsed url   query: null,
63 verbose parsed url   pathname: 'express@~4.9.0',
63 verbose parsed url   path: 'express@~4.9.0',
63 verbose parsed url   href: 'express@~4.9.0' }
64 verbose already installed skipping jade@~1.7.0 /home/raul/WebstormProjects/Sem3CA4MEAN
65 verbose already installed skipping mongoose@~3.8.18 /home/raul/WebstormProjects/Sem3CA4MEAN
66 verbose cache add name="debug" spec="~2.0.0" args=["debug","~2.0.0"]
67 verbose parsed url { protocol: null,
67 verbose parsed url   slashes: null,
67 verbose parsed url   auth: null,
67 verbose parsed url   host: null,
67 verbose parsed url   port: null,
67 verbose parsed url   hostname: null,
67 verbose parsed url   hash: null,
67 verbose parsed url   search: null,
67 verbose parsed url   query: null,
67 verbose parsed url   pathname: '~2.0.0',
67 verbose parsed url   path: '~2.0.0',
67 verbose parsed url   href: '~2.0.0' }
68 verbose addNamed [ 'debug', '~2.0.0' ]
69 verbose addNamed [ null, '>=2.0.0-0 <2.1.0-0' ]
70 silly lockFile 12b6356d-debug-2-0-0 debug@~2.0.0
71 verbose lock debug@~2.0.0 /home/raul/.npm/12b6356d-debug-2-0-0.lock
72 verbose cache add name="express" spec="~4.9.0" args=["express","~4.9.0"]
73 verbose parsed url { protocol: null,
73 verbose parsed url   slashes: null,
73 verbose parsed url   auth: null,
73 verbose parsed url   host: null,
73 verbose parsed url   port: null,
73 verbose parsed url   hostname: null,
73 verbose parsed url   hash: null,
73 verbose parsed url   search: null,
73 verbose parsed url   query: null,
73 verbose parsed url   pathname: '~4.9.0',
73 verbose parsed url   path: '~4.9.0',
73 verbose parsed url   href: '~4.9.0' }
74 verbose addNamed [ 'express', '~4.9.0' ]
75 verbose addNamed [ null, '>=4.9.0-0 <4.10.0-0' ]
76 silly lockFile 6ae7fa08-express-4-9-0 express@~4.9.0
77 verbose lock express@~4.9.0 /home/raul/.npm/6ae7fa08-express-4-9-0.lock
78 verbose cache add [ 'morgan@~1.3.0', null ]
79 verbose cache add name=undefined spec="morgan@~1.3.0" args=["morgan@~1.3.0",null]
80 verbose parsed url { protocol: null,
80 verbose parsed url   slashes: null,
80 verbose parsed url   auth: null,
80 verbose parsed url   host: null,
80 verbose parsed url   port: null,
80 verbose parsed url   hostname: null,
80 verbose parsed url   hash: null,
80 verbose parsed url   search: null,
80 verbose parsed url   query: null,
80 verbose parsed url   pathname: 'morgan@~1.3.0',
80 verbose parsed url   path: 'morgan@~1.3.0',
80 verbose parsed url   href: 'morgan@~1.3.0' }
81 verbose already installed skipping serve-favicon@~2.1.3 /home/raul/WebstormProjects/Sem3CA4MEAN
82 silly addNameRange { name: 'protractor',
82 silly addNameRange   range: '>=1.1.1-0 <1.2.0-0',
82 silly addNameRange   hasData: false }
83 verbose cache add name="morgan" spec="~1.3.0" args=["morgan","~1.3.0"]
84 verbose parsed url { protocol: null,
84 verbose parsed url   slashes: null,
84 verbose parsed url   auth: null,
84 verbose parsed url   host: null,
84 verbose parsed url   port: null,
84 verbose parsed url   hostname: null,
84 verbose parsed url   hash: null,
84 verbose parsed url   search: null,
84 verbose parsed url   query: null,
84 verbose parsed url   pathname: '~1.3.0',
84 verbose parsed url   path: '~1.3.0',
84 verbose parsed url   href: '~1.3.0' }
85 verbose addNamed [ 'morgan', '~1.3.0' ]
86 verbose addNamed [ null, '>=1.3.0-0 <1.4.0-0' ]
87 silly lockFile a4a9bdf4-morgan-1-3-0 morgan@~1.3.0
88 verbose lock morgan@~1.3.0 /home/raul/.npm/a4a9bdf4-morgan-1-3-0.lock
89 silly addNameRange { name: 'should', range: '>=4.1.0-0 <4.2.0-0', hasData: false }
90 silly addNameRange { name: 'express', range: '>=4.9.0-0 <4.10.0-0', hasData: false }
91 silly addNameRange { name: 'body-parser',
91 silly addNameRange   range: '>=1.8.1-0 <1.9.0-0',
91 silly addNameRange   hasData: false }
92 silly addNameRange { name: 'debug', range: '>=2.0.0-0 <2.1.0-0', hasData: false }
93 silly addNameRange { name: 'morgan', range: '>=1.3.0-0 <1.4.0-0', hasData: false }
94 verbose request where is /chai
95 verbose request registry https://registry.npmjs.org/
96 verbose request id 83af8731d67bda81
97 verbose url raw /chai
98 verbose url resolving [ 'https://registry.npmjs.org/', './chai' ]
99 verbose url resolved https://registry.npmjs.org/chai
100 verbose request where is https://registry.npmjs.org/chai
101 info trying registry request attempt 1 at 11:50:21
102 verbose etag "33RI8I2NRQ3WLAIE0Y7WSGAFU"
103 http GET https://registry.npmjs.org/chai
104 verbose request where is /body-parser
105 verbose request registry https://registry.npmjs.org/
106 verbose url raw /body-parser
107 verbose url resolving [ 'https://registry.npmjs.org/', './body-parser' ]
108 verbose url resolved https://registry.npmjs.org/body-parser
109 verbose request where is https://registry.npmjs.org/body-parser
110 info trying registry request attempt 1 at 11:50:21
111 verbose etag "31NOWALYE5KS8CUXXM9FZZM0H"
112 http GET https://registry.npmjs.org/body-parser
113 verbose request where is /should
114 verbose request registry https://registry.npmjs.org/
115 verbose url raw /should
116 verbose url resolving [ 'https://registry.npmjs.org/', './should' ]
117 verbose url resolved https://registry.npmjs.org/should
118 verbose request where is https://registry.npmjs.org/should
119 info trying registry request attempt 1 at 11:50:21
120 verbose etag "B0MFX50BS5Y39SEJTBZ9IYT3"
121 http GET https://registry.npmjs.org/should
122 verbose request where is /protractor
123 verbose request registry https://registry.npmjs.org/
124 verbose url raw /protractor
125 verbose url resolving [ 'https://registry.npmjs.org/', './protractor' ]
126 verbose url resolved https://registry.npmjs.org/protractor
127 verbose request where is https://registry.npmjs.org/protractor
128 info trying registry request attempt 1 at 11:50:21
129 verbose etag "AIN8UOLOR1540O20WQDZOU416"
130 http GET https://registry.npmjs.org/protractor
131 verbose request where is /debug
132 verbose request registry https://registry.npmjs.org/
133 verbose url raw /debug
134 verbose url resolving [ 'https://registry.npmjs.org/', './debug' ]
135 verbose url resolved https://registry.npmjs.org/debug
136 verbose request where is https://registry.npmjs.org/debug
137 info trying registry request attempt 1 at 11:50:21
138 verbose etag "23FIH1WB5VEJQZNKENEXK0P67"
139 http GET https://registry.npmjs.org/debug
140 verbose request where is /express
141 verbose request registry https://registry.npmjs.org/
142 verbose url raw /express
143 verbose url resolving [ 'https://registry.npmjs.org/', './express' ]
144 verbose url resolved https://registry.npmjs.org/express
145 verbose request where is https://registry.npmjs.org/express
146 info trying registry request attempt 1 at 11:50:21
147 verbose etag "2CZR62V627MTSBFQODK2LNQ0U"
148 http GET https://registry.npmjs.org/express
149 verbose request where is /morgan
150 verbose request registry https://registry.npmjs.org/
151 verbose url raw /morgan
152 verbose url resolving [ 'https://registry.npmjs.org/', './morgan' ]
153 verbose url resolved https://registry.npmjs.org/morgan
154 verbose request where is https://registry.npmjs.org/morgan
155 info trying registry request attempt 1 at 11:50:21
156 verbose etag "AZAUPRTBF7IDB5ZNT1PUN8D7T"
157 http GET https://registry.npmjs.org/morgan
158 http 304 https://registry.npmjs.org/should
159 silly registry.get cb [ 304,
159 silly registry.get   { date: 'Tue, 18 Nov 2014 10:50:21 GMT',
159 silly registry.get     server: 'Apache',
159 silly registry.get     via: '1.1 varnish',
159 silly registry.get     'last-modified': 'Tue, 18 Nov 2014 10:50:21 GMT',
159 silly registry.get     'cache-control': 'max-age=60',
159 silly registry.get     etag: '"B0MFX50BS5Y39SEJTBZ9IYT3"',
159 silly registry.get     age: '42',
159 silly registry.get     'x-served-by': 'cache-fra1237-FRA',
159 silly registry.get     'x-cache': 'HIT',
159 silly registry.get     'x-cache-hits': '1',
159 silly registry.get     'x-timer': 'S1416307821.839602,VS0,VE0',
159 silly registry.get     vary: 'Accept',
159 silly registry.get     'content-length': '0',
159 silly registry.get     'keep-alive': 'timeout=10, max=50',
159 silly registry.get     connection: 'Keep-Alive' } ]
160 verbose etag https://registry.npmjs.org/should from cache
161 http 304 https://registry.npmjs.org/protractor
162 silly registry.get cb [ 304,
162 silly registry.get   { date: 'Tue, 18 Nov 2014 10:50:21 GMT',
162 silly registry.get     server: 'Apache',
162 silly registry.get     via: '1.1 varnish',
162 silly registry.get     'last-modified': 'Tue, 18 Nov 2014 10:50:21 GMT',
162 silly registry.get     'cache-control': 'max-age=60',
162 silly registry.get     etag: '"AIN8UOLOR1540O20WQDZOU416"',
162 silly registry.get     age: '28',
162 silly registry.get     'x-served-by': 'cache-fra1224-FRA',
162 silly registry.get     'x-cache': 'HIT',
162 silly registry.get     'x-cache-hits': '1',
162 silly registry.get     'x-timer': 'S1416307821.840161,VS0,VE0',
162 silly registry.get     vary: 'Accept',
162 silly registry.get     'content-length': '0',
162 silly registry.get     'keep-alive': 'timeout=10, max=50',
162 silly registry.get     connection: 'Keep-Alive' } ]
163 verbose etag https://registry.npmjs.org/protractor from cache
164 http 304 https://registry.npmjs.org/debug
165 silly registry.get cb [ 304,
165 silly registry.get   { date: 'Tue, 18 Nov 2014 10:50:21 GMT',
165 silly registry.get     server: 'Apache',
165 silly registry.get     via: '1.1 varnish',
165 silly registry.get     'last-modified': 'Tue, 18 Nov 2014 10:50:21 GMT',
165 silly registry.get     'cache-control': 'max-age=60',
165 silly registry.get     etag: '"23FIH1WB5VEJQZNKENEXK0P67"',
165 silly registry.get     age: '49',
165 silly registry.get     'x-served-by': 'cache-fra1244-FRA',
165 silly registry.get     'x-cache': 'HIT',
165 silly registry.get     'x-cache-hits': '1',
165 silly registry.get     'x-timer': 'S1416307821.843249,VS0,VE0',
165 silly registry.get     vary: 'Accept',
165 silly registry.get     'content-length': '0',
165 silly registry.get     'keep-alive': 'timeout=10, max=50',
165 silly registry.get     connection: 'Keep-Alive' } ]
166 verbose etag https://registry.npmjs.org/debug from cache
167 http 304 https://registry.npmjs.org/body-parser
168 silly registry.get cb [ 304,
168 silly registry.get   { date: 'Tue, 18 Nov 2014 10:50:21 GMT',
168 silly registry.get     server: 'Apache',
168 silly registry.get     via: '1.1 varnish',
168 silly registry.get     'last-modified': 'Tue, 18 Nov 2014 10:50:21 GMT',
168 silly registry.get     'cache-control': 'max-age=60',
168 silly registry.get     etag: '"31NOWALYE5KS8CUXXM9FZZM0H"',
168 silly registry.get     age: '26',
168 silly registry.get     'x-served-by': 'cache-fra1237-FRA',
168 silly registry.get     'x-cache': 'HIT',
168 silly registry.get     'x-cache-hits': '1',
168 silly registry.get     'x-timer': 'S1416307821.846467,VS0,VE0',
168 silly registry.get     vary: 'Accept',
168 silly registry.get     'content-length': '0',
168 silly registry.get     'keep-alive': 'timeout=10, max=50',
168 silly registry.get     connection: 'Keep-Alive' } ]
169 verbose etag https://registry.npmjs.org/body-parser from cache
170 silly addNameRange number 2 { name: 'should', range: '>=4.1.0-0 <4.2.0-0', hasData: true }
171 silly addNameRange versions [ 'should',
171 silly addNameRange   [ '0.0.1',
171 silly addNameRange     '0.0.2',
171 silly addNameRange     '0.0.3',
171 silly addNameRange     '0.0.4',
171 silly addNameRange     '0.1.0',
171 silly addNameRange     '0.2.0',
171 silly addNameRange     '0.2.1',
171 silly addNameRange     '0.3.0',
171 silly addNameRange     '0.3.1',
171 silly addNameRange     '0.3.2',
171 silly addNameRange     '0.4.0',
171 silly addNameRange     '0.4.1',
171 silly addNameRange     '0.4.2',
171 silly addNameRange     '0.5.0',
171 silly addNameRange     '0.5.1',
171 silly addNameRange     '0.6.0',
171 silly addNameRange     '0.6.1',
171 silly addNameRange     '0.6.2',
171 silly addNameRange     '0.6.3',
171 silly addNameRange     '1.0.0',
171 silly addNameRange     '1.1.0',
171 silly addNameRange     '1.1.1',
171 silly addNameRange     '1.2.0',
171 silly addNameRange     '1.2.1',
171 silly addNameRange     '1.2.2',
171 silly addNameRange     '1.3.0',
171 silly addNameRange     '2.0.0',
171 silly addNameRange     '2.0.1',
171 silly addNameRange     '2.0.2',
171 silly addNameRange     '2.1.0',
171 silly addNameRange     '2.1.1',
171 silly addNameRange     '3.0.0',
171 silly addNameRange     '3.0.1',
171 silly addNameRange     '3.1.0',
171 silly addNameRange     '3.1.1',
171 silly addNameRange     '3.1.2',
171 silly addNameRange     '3.1.3',
171 silly addNameRange     '3.1.4',
171 silly addNameRange     '3.2.0-beta1',
171 silly addNameRange     '3.2.0',
171 silly addNameRange     '3.3.0',
171 silly addNameRange     '3.3.1',
171 silly addNameRange     '3.3.2',
171 silly addNameRange     '4.0.0',
171 silly addNameRange     '4.0.1',
171 silly addNameRange     '4.0.3',
171 silly addNameRange     '4.0.4',
171 silly addNameRange     '4.1.0',
171 silly addNameRange     '4.2.0',
171 silly addNameRange     '4.2.1',
171 silly addNameRange     '4.3.0' ] ]
172 verbose addNamed [ 'should', '4.1.0' ]
173 verbose addNamed [ '4.1.0', '4.1.0' ]
174 silly lockFile 1c99c379-should-4-1-0 should@4.1.0
175 verbose lock should@4.1.0 /home/raul/.npm/1c99c379-should-4-1-0.lock
176 silly addNameRange number 2 { name: 'protractor',
176 silly addNameRange   range: '>=1.1.1-0 <1.2.0-0',
176 silly addNameRange   hasData: true }
177 silly addNameRange versions [ 'protractor',
177 silly addNameRange   [ '0.1.0',
177 silly addNameRange     '0.1.1',
177 silly addNameRange     '0.1.2',
177 silly addNameRange     '0.1.3',
177 silly addNameRange     '0.2.0',
177 silly addNameRange     '0.2.1',
177 silly addNameRange     '0.3.0',
177 silly addNameRange     '0.4.0',
177 silly addNameRange     '0.4.1',
177 silly addNameRange     '0.5.0',
177 silly addNameRange     '0.6.1',
177 silly addNameRange     '0.7.0',
177 silly addNameRange     '0.8.0',
177 silly addNameRange     '0.9.0',
177 silly addNameRange     '0.10.0',
177 silly addNameRange     '0.11.0',
177 silly addNameRange     '0.12.0',
177 silly addNameRange     '0.12.1',
177 silly addNameRange     '0.13.0',
177 silly addNameRange     '0.14.0',
177 silly addNameRange     '0.15.0',
177 silly addNameRange     '0.16.0',
177 silly addNameRange     '0.16.1',
177 silly addNameRange     '0.17.0',
177 silly addNameRange     '0.18.0',
177 silly addNameRange     '0.18.1',
177 silly addNameRange     '0.19.0',
177 silly addNameRange     '0.20.0',
177 silly addNameRange     '0.20.1',
177 silly addNameRange     '0.21.0',
177 silly addNameRange     '0.22.0',
177 silly addNameRange     '0.23.0',
177 silly addNameRange     '0.23.1',
177 silly addNameRange     '0.24.0',
177 silly addNameRange     '0.24.1',
177 silly addNameRange     '0.24.2',
177 silly addNameRange     '1.0.0-rc1',
177 silly addNameRange     '1.0.0-rc2',
177 silly addNameRange     '1.0.0-rc3',
177 silly addNameRange     '1.0.0-rc4',
177 silly addNameRange     '1.0.0-rc5',
177 silly addNameRange     '1.0.0-rc6',
177 silly addNameRange     '1.0.0',
177 silly addNameRange     '1.1.0',
177 silly addNameRange     '1.1.1',
177 silly addNameRange     '1.2.0-beta1',
177 silly addNameRange     '1.2.0',
177 silly addNameRange     '1.3.0',
177 silly addNameRange     '1.3.1',
177 silly addNameRange     '1.4.0' ] ]
178 verbose addNamed [ 'protractor', '1.1.1' ]
179 verbose addNamed [ '1.1.1', '1.1.1' ]
180 silly lockFile 2490ab0d-protractor-1-1-1 protractor@1.1.1
181 verbose lock protractor@1.1.1 /home/raul/.npm/2490ab0d-protractor-1-1-1.lock
182 silly addNameRange number 2 { name: 'body-parser',
182 silly addNameRange   range: '>=1.8.1-0 <1.9.0-0',
182 silly addNameRange   hasData: true }
183 silly addNameRange versions [ 'body-parser',
183 silly addNameRange   [ '1.0.0',
183 silly addNameRange     '1.0.1',
183 silly addNameRange     '1.0.2',
183 silly addNameRange     '1.1.0',
183 silly addNameRange     '1.1.1',
183 silly addNameRange     '1.1.2',
183 silly addNameRange     '1.2.0',
183 silly addNameRange     '1.2.1',
183 silly addNameRange     '1.2.2',
183 silly addNameRange     '1.3.0',
183 silly addNameRange     '1.3.1',
183 silly addNameRange     '1.4.0',
183 silly addNameRange     '1.4.1',
183 silly addNameRange     '1.4.2',
183 silly addNameRange     '1.4.3',
183 silly addNameRange     '1.5.0',
183 silly addNameRange     '1.5.1',
183 silly addNameRange     '1.5.2',
183 silly addNameRange     '1.6.0',
183 silly addNameRange     '1.6.1',
183 silly addNameRange     '1.6.2',
183 silly addNameRange     '1.6.3',
183 silly addNameRange     '1.6.4',
183 silly addNameRange     '1.6.5',
183 silly addNameRange     '1.6.6',
183 silly addNameRange     '1.6.7',
183 silly addNameRange     '1.7.0',
183 silly addNameRange     '1.8.0',
183 silly addNameRange     '1.8.1',
183 silly addNameRange     '1.8.2',
183 silly addNameRange     '1.8.3',
183 silly addNameRange     '1.8.4',
183 silly addNameRange     '1.9.0',
183 silly addNameRange     '1.9.1',
183 silly addNameRange     '1.9.2' ] ]
184 verbose addNamed [ 'body-parser', '1.8.4' ]
185 verbose addNamed [ '1.8.4', '1.8.4' ]
186 silly lockFile 5cba912c-body-parser-1-8-4 body-parser@1.8.4
187 verbose lock body-parser@1.8.4 /home/raul/.npm/5cba912c-body-parser-1-8-4.lock
188 http 304 https://registry.npmjs.org/morgan
189 silly registry.get cb [ 304,
189 silly registry.get   { date: 'Tue, 18 Nov 2014 10:50:21 GMT',
189 silly registry.get     server: 'Apache',
189 silly registry.get     via: '1.1 varnish',
189 silly registry.get     'last-modified': 'Tue, 18 Nov 2014 10:50:21 GMT',
189 silly registry.get     'cache-control': 'max-age=60',
189 silly registry.get     etag: '"AZAUPRTBF7IDB5ZNT1PUN8D7T"',
189 silly registry.get     age: '18',
189 silly registry.get     'x-served-by': 'cache-fra1224-FRA',
189 silly registry.get     'x-cache': 'HIT',
189 silly registry.get     'x-cache-hits': '1',
189 silly registry.get     'x-timer': 'S1416307821.869310,VS0,VE0',
189 silly registry.get     vary: 'Accept',
189 silly registry.get     'content-length': '0',
189 silly registry.get     'keep-alive': 'timeout=10, max=49',
189 silly registry.get     connection: 'Keep-Alive' } ]
190 verbose etag https://registry.npmjs.org/morgan from cache
191 silly addNameRange number 2 { name: 'debug', range: '>=2.0.0-0 <2.1.0-0', hasData: true }
192 silly addNameRange versions [ 'debug',
192 silly addNameRange   [ '0.0.1',
192 silly addNameRange     '0.1.0',
192 silly addNameRange     '0.2.0',
192 silly addNameRange     '0.3.0',
192 silly addNameRange     '0.4.0',
192 silly addNameRange     '0.4.1',
192 silly addNameRange     '0.5.0',
192 silly addNameRange     '0.6.0',
192 silly addNameRange     '0.7.0',
192 silly addNameRange     '0.7.1',
192 silly addNameRange     '0.7.2',
192 silly addNameRange     '0.7.3',
192 silly addNameRange     '0.7.4',
192 silly addNameRange     '0.8.0',
192 silly addNameRange     '0.8.1',
192 silly addNameRange     '1.0.0',
192 silly addNameRange     '1.0.1',
192 silly addNameRange     '1.0.2',
192 silly addNameRange     '1.0.3',
192 silly addNameRange     '1.0.4',
192 silly addNameRange     '2.0.0',
192 silly addNameRange     '2.1.0' ] ]
193 verbose addNamed [ 'debug', '2.0.0' ]
194 verbose addNamed [ '2.0.0', '2.0.0' ]
195 silly lockFile 095bd820-debug-2-0-0 debug@2.0.0
196 verbose lock debug@2.0.0 /home/raul/.npm/095bd820-debug-2-0-0.lock
197 silly addNameRange number 2 { name: 'morgan', range: '>=1.3.0-0 <1.4.0-0', hasData: true }
198 silly addNameRange versions [ 'morgan',
198 silly addNameRange   [ '1.0.0',
198 silly addNameRange     '1.0.1',
198 silly addNameRange     '1.1.0',
198 silly addNameRange     '1.1.1',
198 silly addNameRange     '1.2.0',
198 silly addNameRange     '1.2.1',
198 silly addNameRange     '1.2.2',
198 silly addNameRange     '1.2.3',
198 silly addNameRange     '1.3.0',
198 silly addNameRange     '1.3.1',
198 silly addNameRange     '1.3.2',
198 silly addNameRange     '1.4.0',
198 silly addNameRange     '1.4.1',
198 silly addNameRange     '1.5.0' ] ]
199 verbose addNamed [ 'morgan', '1.3.2' ]
200 verbose addNamed [ '1.3.2', '1.3.2' ]
201 silly lockFile 7e2b41c6-morgan-1-3-2 morgan@1.3.2
202 verbose lock morgan@1.3.2 /home/raul/.npm/7e2b41c6-morgan-1-3-2.lock
203 http 304 https://registry.npmjs.org/chai
204 silly registry.get cb [ 304,
204 silly registry.get   { date: 'Tue, 18 Nov 2014 10:50:21 GMT',
204 silly registry.get     server: 'Apache',
204 silly registry.get     via: '1.1 varnish',
204 silly registry.get     'last-modified': 'Tue, 18 Nov 2014 10:50:21 GMT',
204 silly registry.get     'cache-control': 'max-age=60',
204 silly registry.get     etag: '"33RI8I2NRQ3WLAIE0Y7WSGAFU"',
204 silly registry.get     age: '0',
204 silly registry.get     'x-served-by': 'cache-fra1231-FRA',
204 silly registry.get     'x-cache': 'HIT',
204 silly registry.get     'x-cache-hits': '1',
204 silly registry.get     'x-timer': 'S1416307821.837100,VS0,VE109',
204 silly registry.get     vary: 'Accept',
204 silly registry.get     'content-length': '0',
204 silly registry.get     'keep-alive': 'timeout=10, max=50',
204 silly registry.get     connection: 'Keep-Alive' } ]
205 verbose etag https://registry.npmjs.org/chai from cache
206 silly lockFile f41dd2d8--protractor-protractor-1-1-1-tgz https://registry.npmjs.org/protractor/-/protractor-1.1.1.tgz
207 verbose lock https://registry.npmjs.org/protractor/-/protractor-1.1.1.tgz /home/raul/.npm/f41dd2d8--protractor-protractor-1-1-1-tgz.lock
208 verbose addRemoteTarball [ 'https://registry.npmjs.org/protractor/-/protractor-1.1.1.tgz',
208 verbose addRemoteTarball   '481dbe4b328b1b65961951132dbcdb578afa8710' ]
209 silly lockFile 1c99c379-should-4-1-0 should@4.1.0
210 silly lockFile 1c99c379-should-4-1-0 should@4.1.0
211 silly lockFile 712021b7-should-4-1-0 should@~4.1.0
212 silly lockFile 712021b7-should-4-1-0 should@~4.1.0
213 silly addNameRange number 2 { name: 'chai', range: '>=1.9.2-0 <1.10.0-0', hasData: true }
214 silly addNameRange versions [ 'chai',
214 silly addNameRange   [ '0.0.1',
214 silly addNameRange     '0.0.2',
214 silly addNameRange     '0.1.0',
214 silly addNameRange     '0.1.1',
214 silly addNameRange     '0.1.2',
214 silly addNameRange     '0.1.3',
214 silly addNameRange     '0.1.4',
214 silly addNameRange     '0.1.5',
214 silly addNameRange     '0.1.6',
214 silly addNameRange     '0.1.7',
214 silly addNameRange     '0.2.0',
214 silly addNameRange     '0.2.1',
214 silly addNameRange     '0.2.2',
214 silly addNameRange     '0.2.3',
214 silly addNameRange     '0.2.4',
214 silly addNameRange     '0.3.0',
214 silly addNameRange     '0.3.1',
214 silly addNameRange     '0.3.2',
214 silly addNameRange     '0.3.3',
214 silly addNameRange     '0.3.4',
214 silly addNameRange     '0.4.0',
214 silly addNameRange     '0.4.1',
214 silly addNameRange     '0.4.2',
214 silly addNameRange     '0.5.0',
214 silly addNameRange     '0.5.1',
214 silly addNameRange     '0.5.2',
214 silly addNameRange     '0.5.3',
214 silly addNameRange     '1.0.0',
214 silly addNameRange     '1.0.1',
214 silly addNameRange     '1.0.2',
214 silly addNameRange     '1.0.3',
214 silly addNameRange     '1.0.4',
214 silly addNameRange     '1.1.0',
214 silly addNameRange     '1.1.1',
214 silly addNameRange     '1.2.0',
214 silly addNameRange     '1.3.0',
214 silly addNameRange     '1.4.0',
214 silly addNameRange     '1.4.1',
214 silly addNameRange     '1.4.2',
214 silly addNameRange     '1.5.0',
214 silly addNameRange     '1.6.0',
214 silly addNameRange     '1.6.1',
214 silly addNameRange     '1.7.0',
214 silly addNameRange     '1.7.1',
214 silly addNameRange     '1.7.2',
214 silly addNameRange     '1.8.0',
214 silly addNameRange     '1.8.1',
214 silly addNameRange     '1.9.0',
214 silly addNameRange     '1.9.1',
214 silly addNameRange     '1.9.2',
214 silly addNameRange     '1.10.0' ] ]
215 verbose addNamed [ 'chai', '1.9.2' ]
216 verbose addNamed [ '1.9.2', '1.9.2' ]
217 silly lockFile 54326802-chai-1-9-2 chai@1.9.2
218 verbose lock chai@1.9.2 /home/raul/.npm/54326802-chai-1-9-2.lock
219 silly lockFile 5cba912c-body-parser-1-8-4 body-parser@1.8.4
220 silly lockFile 5cba912c-body-parser-1-8-4 body-parser@1.8.4
221 silly lockFile 7e2b41c6-morgan-1-3-2 morgan@1.3.2
222 silly lockFile 7e2b41c6-morgan-1-3-2 morgan@1.3.2
223 silly lockFile a49948c1-body-parser-1-8-1 body-parser@~1.8.1
224 silly lockFile a49948c1-body-parser-1-8-1 body-parser@~1.8.1
225 silly lockFile a4a9bdf4-morgan-1-3-0 morgan@~1.3.0
226 silly lockFile a4a9bdf4-morgan-1-3-0 morgan@~1.3.0
227 silly lockFile 7bd7db1f-ry-npmjs-org-chai-chai-1-9-2-tgz https://registry.npmjs.org/chai/-/chai-1.9.2.tgz
228 verbose lock https://registry.npmjs.org/chai/-/chai-1.9.2.tgz /home/raul/.npm/7bd7db1f-ry-npmjs-org-chai-chai-1-9-2-tgz.lock
229 verbose addRemoteTarball [ 'https://registry.npmjs.org/chai/-/chai-1.9.2.tgz',
229 verbose addRemoteTarball   '3f1a20f82b0b9d7437577d24d6f12b1a69d3b590' ]
230 silly lockFile 095bd820-debug-2-0-0 debug@2.0.0
231 silly lockFile 095bd820-debug-2-0-0 debug@2.0.0
232 silly lockFile 12b6356d-debug-2-0-0 debug@~2.0.0
233 silly lockFile 12b6356d-debug-2-0-0 debug@~2.0.0
234 info retry fetch attempt 1 at 11:50:22
235 verbose fetch to= /tmp/npm-22946-1fawI-jr/registry.npmjs.org/protractor/-/protractor-1.1.1.tgz
236 info retry fetch attempt 1 at 11:50:22
237 verbose fetch to= /tmp/npm-22946-1fawI-jr/registry.npmjs.org/chai/-/chai-1.9.2.tgz
238 http GET https://registry.npmjs.org/protractor/-/protractor-1.1.1.tgz
239 http GET https://registry.npmjs.org/chai/-/chai-1.9.2.tgz
240 http 200 https://registry.npmjs.org/express
241 silly registry.get cb [ 200,
241 silly registry.get   { date: 'Tue, 18 Nov 2014 10:50:21 GMT',
241 silly registry.get     server: 'CouchDB/1.5.0 (Erlang OTP/R16B03)',
241 silly registry.get     etag: '"1OCR1MJWNMUQBEI1JI2DMNQ59"',
241 silly registry.get     'content-type': 'application/json',
241 silly registry.get     'cache-control': 'max-age=60',
241 silly registry.get     'content-length': '421842',
241 silly registry.get     'accept-ranges': 'bytes',
241 silly registry.get     via: '1.1 varnish',
241 silly registry.get     age: '47',
241 silly registry.get     'x-served-by': 'cache-fra1237-FRA',
241 silly registry.get     'x-cache': 'HIT',
241 silly registry.get     'x-cache-hits': '2',
241 silly registry.get     'x-timer': 'S1416307821.867512,VS0,VE0',
241 silly registry.get     vary: 'Accept',
241 silly registry.get     'keep-alive': 'timeout=10, max=49',
241 silly registry.get     connection: 'Keep-Alive' } ]
242 silly addNameRange number 2 { name: 'express', range: '>=4.9.0-0 <4.10.0-0', hasData: true }
243 silly addNameRange versions [ 'express',
243 silly addNameRange   [ '0.14.0',
243 silly addNameRange     '0.14.1',
243 silly addNameRange     '1.0.0',
243 silly addNameRange     '1.0.1',
243 silly addNameRange     '1.0.2',
243 silly addNameRange     '1.0.3',
243 silly addNameRange     '1.0.4',
243 silly addNameRange     '1.0.5',
243 silly addNameRange     '1.0.6',
243 silly addNameRange     '1.0.7',
243 silly addNameRange     '1.0.8',
243 silly addNameRange     '2.0.0',
243 silly addNameRange     '2.1.0',
243 silly addNameRange     '2.1.1',
243 silly addNameRange     '2.2.0',
243 silly addNameRange     '2.2.1',
243 silly addNameRange     '2.2.2',
243 silly addNameRange     '2.3.0',
243 silly addNameRange     '2.3.1',
243 silly addNameRange     '2.3.2',
243 silly addNameRange     '2.3.3',
243 silly addNameRange     '2.3.4',
243 silly addNameRange     '2.3.5',
243 silly addNameRange     '2.3.6',
243 silly addNameRange     '2.3.7',
243 silly addNameRange     '2.3.8',
243 silly addNameRange     '2.3.9',
243 silly addNameRange     '2.3.10',
243 silly addNameRange     '2.3.11',
243 silly addNameRange     '2.3.12',
243 silly addNameRange     '2.4.0',
243 silly addNameRange     '2.4.1',
243 silly addNameRange     '2.4.2',
243 silly addNameRange     '2.4.3',
243 silly addNameRange     '2.4.4',
243 silly addNameRange     '2.4.5',
243 silly addNameRange     '2.4.6',
243 silly addNameRange     '2.4.7',
243 silly addNameRange     '2.5.0',
243 silly addNameRange     '2.5.1',
243 silly addNameRange     '2.5.2',
243 silly addNameRange     '2.5.3',
243 silly addNameRange     '2.5.4',
243 silly addNameRange     '2.5.5',
243 silly addNameRange     '2.5.6',
243 silly addNameRange     '2.5.7',
243 silly addNameRange     '2.5.8',
243 silly addNameRange     '2.5.9',
243 silly addNameRange     '2.5.10',
243 silly addNameRange     '2.5.11',
243 silly addNameRange     '3.0.0',
243 silly addNameRange     '3.0.1',
243 silly addNameRange     '3.0.2',
243 silly addNameRange     '3.0.3',
243 silly addNameRange     '3.0.4',
243 silly addNameRange     '3.0.5',
243 silly addNameRange     '3.0.6',
243 silly addNameRange     '3.1.0',
243 silly addNameRange     '3.1.1',
243 silly addNameRange     '3.1.2',
243 silly addNameRange     '3.2.0',
243 silly addNameRange     '3.2.1',
243 silly addNameRange     '3.2.2',
243 silly addNameRange     '3.2.3',
243 silly addNameRange     '3.2.4',
243 silly addNameRange     '3.2.5',
243 silly addNameRange     '3.2.6',
243 silly addNameRange     '3.3.0',
243 silly addNameRange     '3.3.1',
243 silly addNameRange     '3.3.2',
243 silly addNameRange     '3.3.3',
243 silly addNameRange     '3.3.4',
243 silly addNameRange     '3.3.5',
243 silly addNameRange     '3.3.6',
243 silly addNameRange     '1.0.0-beta',
243 silly addNameRange     '1.0.0-beta2',
243 silly addNameRange     '1.0.0-rc',
243 silly addNameRange     '1.0.0-rc2',
243 silly addNameRange     '1.0.0-rc3',
243 silly addNameRange     '1.0.0-rc4',
243 silly addNameRange     '2.0.0-beta',
243 silly addNameRange     '2.0.0-beta2',
243 silly addNameRange     '2.0.0-beta3',
243 silly addNameRange     '2.0.0-rc',
243 silly addNameRange     '2.0.0-rc2',
243 silly addNameRange     '2.0.0-rc3',
243 silly addNameRange     '3.0.0-alpha1',
243 silly addNameRange     '3.0.0-alpha2',
243 silly addNameRange     '3.0.0-alpha3',
243 silly addNameRange     '3.0.0-alpha4',
243 silly addNameRange     '3.0.0-alpha5',
243 silly addNameRange     '3.0.0-beta1',
243 silly addNameRange     '3.0.0-beta2',
243 silly addNameRange     '3.0.0-beta3',
243 silly addNameRange     '3.0.0-beta4',
243 silly addNameRange     '3.0.0-beta6',
243 silly addNameRange     '3.0.0-beta7',
243 silly addNameRange     '3.0.0-rc1',
243 silly addNameRange     '3.0.0-rc2',
243 silly addNameRange     '3.0.0-rc3',
243 silly addNameRange     '3.0.0-rc4',
243 silly addNameRange     '3.0.0-rc5',
243 silly addNameRange     '3.3.7',
243 silly addNameRange     '3.3.8',
243 silly addNameRange     '3.4.0',
243 silly addNameRange     '3.4.1',
243 silly addNameRange     '3.4.2',
243 silly addNameRange     '3.4.3',
243 silly addNameRange     '3.4.4',
243 silly addNameRange     '3.4.5',
243 silly addNameRange     '3.4.6',
243 silly addNameRange     '3.4.7',
243 silly addNameRange     '3.4.8',
243 silly addNameRange     '4.0.0-rc1',
243 silly addNameRange     '4.0.0-rc2',
243 silly addNameRange     '3.5.0',
243 silly addNameRange     '4.0.0-rc3',
243 silly addNameRange     '4.0.0-rc4',
243 silly addNameRange     '3.5.1',
243 silly addNameRange     '4.0.0',
243 silly addNameRange     '3.5.2',
243 silly addNameRange     '4.1.0',
243 silly addNameRange     '4.1.1',
243 silly addNameRange     '3.5.3',
243 silly addNameRange     '4.1.2',
243 silly addNameRange     '3.6.0',
243 silly addNameRange     '4.2.0',
243 silly addNameRange     '3.7.0',
243 silly addNameRange     '3.8.0',
243 silly addNameRange     '4.3.0',
243 silly addNameRange     '4.3.1',
243 silly addNameRange     '3.8.1',
243 silly addNameRange     '4.3.2',
243 silly addNameRange     '3.9.0',
243 silly addNameRange     '4.4.0',
243 silly addNameRange     '4.4.1',
243 silly addNameRange     '3.10.0',
243 silly addNameRange     '3.10.1',
243 silly addNameRange     '3.10.2',
243 silly addNameRange     '3.10.3',
243 silly addNameRange     '3.10.4',
243 silly addNameRange     '4.4.2',
243 silly addNameRange     '3.10.5',
243 silly addNameRange     '4.4.3',
243 silly addNameRange     '3.11.0',
243 silly addNameRange     '4.4.4',
243 silly addNameRange     '3.12.0',
243 silly addNameRange     '3.12.1',
243 silly addNameRange     '4.4.5',
243 silly addNameRange     '3.13.0',
243 silly addNameRange     '4.5.0',
243 silly addNameRange     '4.5.1',
243 silly addNameRange     '3.14.0',
243 silly addNameRange     '4.6.0',
243 silly addNameRange     '4.6.1',
243 silly addNameRange     '3.15.0',
243 silly addNameRange     '4.7.0',
243 silly addNameRange     '3.15.1',
243 silly addNameRange     '4.7.1',
243 silly addNameRange     '3.15.2',
243 silly addNameRange     '4.7.2',
243 silly addNameRange     '4.7.3',
243 silly addNameRange     '3.15.3',
243 silly addNameRange     '4.7.4',
243 silly addNameRange     '3.16.0',
243 silly addNameRange     '4.8.0',
243 silly addNameRange     '3.16.1',
243 silly addNameRange     '4.8.1',
243 silly addNameRange     '3.16.2',
243 silly addNameRange     '4.8.2',
243 silly addNameRange     '3.16.3',
243 silly addNameRange     '3.16.4',
243 silly addNameRange     '4.8.3',
243 silly addNameRange     '3.16.5',
243 silly addNameRange     '3.16.6',
243 silly addNameRange     '4.8.4',
243 silly addNameRange     '3.16.7',
243 silly addNameRange     '4.8.5',
243 silly addNameRange     '3.16.8',
243 silly addNameRange     '4.8.6',
243 silly addNameRange     '3.16.9',
243 silly addNameRange     '4.8.7',
243 silly addNameRange     '3.16.10',
243 silly addNameRange     '4.8.8',
243 silly addNameRange     '3.17.0',
243 silly addNameRange     '3.17.1',
243 silly addNameRange     '4.9.0',
243 silly addNameRange     '3.17.2',
243 silly addNameRange     '4.9.1',
243 silly addNameRange     '4.9.2',
243 silly addNameRange     '3.17.3',
243 silly addNameRange     '4.9.3',
243 silly addNameRange     '3.17.4',
243 silly addNameRange     '4.9.4',
243 silly addNameRange     '3.17.5',
243 silly addNameRange     '4.9.5',
243 silly addNameRange     '3.17.6',
243 silly addNameRange     '3.17.7',
243 silly addNameRange     '4.9.6',
243 silly addNameRange     '4.9.7',
243 silly addNameRange     '3.17.8',
243 silly addNameRange     '4.9.8',
243 silly addNameRange     '3.18.0',
243 silly addNameRange     '3.18.1',
243 silly addNameRange     '4.10.0',
243 silly addNameRange     '3.18.2',
243 silly addNameRange     '4.10.1',
243 silly addNameRange     '5.0.0-alpha.1',
243 silly addNameRange     '3.18.3',
243 silly addNameRange     '4.10.2' ] ]
244 verbose addNamed [ 'express', '4.9.8' ]
245 verbose addNamed [ '4.9.8', '4.9.8' ]
246 silly lockFile 3e3a25f6-express-4-9-8 express@4.9.8
247 verbose lock express@4.9.8 /home/raul/.npm/3e3a25f6-express-4-9-8.lock
248 silly lockFile 3e3a25f6-express-4-9-8 express@4.9.8
249 silly lockFile 3e3a25f6-express-4-9-8 express@4.9.8
250 silly lockFile 6ae7fa08-express-4-9-0 express@~4.9.0
251 silly lockFile 6ae7fa08-express-4-9-0 express@~4.9.0
252 http 200 https://registry.npmjs.org/chai/-/chai-1.9.2.tgz
253 http 200 https://registry.npmjs.org/protractor/-/protractor-1.1.1.tgz
254 silly lockFile 7bd7db1f-ry-npmjs-org-chai-chai-1-9-2-tgz https://registry.npmjs.org/chai/-/chai-1.9.2.tgz
255 silly lockFile 7bd7db1f-ry-npmjs-org-chai-chai-1-9-2-tgz https://registry.npmjs.org/chai/-/chai-1.9.2.tgz
256 silly lockFile 54326802-chai-1-9-2 chai@1.9.2
257 silly lockFile 54326802-chai-1-9-2 chai@1.9.2
258 silly lockFile 1c4fada1-chai-1-9-2 chai@~1.9.2
259 silly lockFile 1c4fada1-chai-1-9-2 chai@~1.9.2
260 silly lockFile f41dd2d8--protractor-protractor-1-1-1-tgz https://registry.npmjs.org/protractor/-/protractor-1.1.1.tgz
261 silly lockFile f41dd2d8--protractor-protractor-1-1-1-tgz https://registry.npmjs.org/protractor/-/protractor-1.1.1.tgz
262 silly lockFile 2490ab0d-protractor-1-1-1 protractor@1.1.1
263 silly lockFile 2490ab0d-protractor-1-1-1 protractor@1.1.1
264 silly lockFile 7f535735-protractor-1-1-1 protractor@~1.1.1
265 silly lockFile 7f535735-protractor-1-1-1 protractor@~1.1.1
266 error Error: EACCES, mkdir '/home/raul/.npm/chai/1.9.2'
266 error  { [Error: EACCES, mkdir '/home/raul/.npm/chai/1.9.2']
266 error   errno: 3,
266 error   code: 'EACCES',
266 error   path: '/home/raul/.npm/chai/1.9.2',
266 error   parent: 'ExpressAngularSeed' }
267 error Please try running this command again as root/Administrator.
268 error System Linux 3.13.0-37-generic
269 error command "/usr/bin/node" "/usr/bin/npm" "install"
270 error cwd /home/raul/WebstormProjects/Sem3CA4MEAN
271 error node -v v0.10.33
272 error npm -v 1.4.28
273 error path /home/raul/.npm/chai/1.9.2
274 error code EACCES
275 error errno 3
276 error stack Error: EACCES, mkdir '/home/raul/.npm/chai/1.9.2'
277 verbose exit [ 3, true ]
